<?xml version="1.0" encoding="UTF-8"?>
<!-- Generated by org.testng.reporters.JUnitXMLReporter -->
<testsuite hostname="Newt-PBS114" ignored="2" name="Test" tests="1" failures="0" timestamp="25 May 2018 08:46:11 GMT" time="198.479" errors="0">
  <testcase name="method" time="198.137" classname="com.mercurytours.com.extentreport.TestNG"/>
  <testcase name="@AfterTest cleanUp" time="0.0" classname="com.mercurytours.com.extentreport.ForExtentReport">
    <ignored/>
  </testcase> <!-- @AfterTest cleanUp -->
  <testcase name="@BeforeSuite setup" time="0.0" classname="com.mercurytours.com.extentreport.ForExtentReport">
    <ignored/>
  </testcase> <!-- @BeforeSuite setup -->
</testsuite> <!-- Test -->
